

Started GET "/" for ::1 at 2015-06-04 11:05:20 -0700
Processing by WelcomeController#index as HTML
  Rendered layouts/_body.html.erb (99.9ms)
  Rendered layouts/_footer.html.erb (0.3ms)
  Rendered welcome/index.html.erb within layouts/application (106.3ms)
Completed 200 OK in 3958ms (Views: 3949.9ms | ActiveRecord: 0.0ms)


Started GET "/assets/activity_finder.self-e3b0c44298fc1c149afbf4c8996fb92427ae41e4649b934ca495991b7852b855.css?body=1" for ::1 at 2015-06-04 11:05:24 -0700


Started GET "/assets/custom.self-ec93b9599518ec95d65369904ccb90047975c0f9b1ad9d8146f3e2e78f428baf.css?body=1" for ::1 at 2015-06-04 11:05:24 -0700


Started GET "/assets/bootstrap-variables.self-e3b0c44298fc1c149afbf4c8996fb92427ae41e4649b934ca495991b7852b855.css?body=1" for ::1 at 2015-06-04 11:05:24 -0700


Started GET "/assets/application.self-1f5d96935afb86a3446083be08a21c9f82dcb9dcc73989e80870a7668c218e55.css?body=1" for ::1 at 2015-06-04 11:05:24 -0700


Started GET "/assets/jquery.self-d03a5518f45df77341bdbe6201ba3bfa547ebba8ed64f0ea56bfa5f96ea7c074.js?body=1" for ::1 at 2015-06-04 11:05:24 -0700


Started GET "/assets/bootstrap-generators.self-f9a39c763f843f10d64a1e875f5780646a03819f040c618b42efe600b80f0ddc.css?body=1" for ::1 at 2015-06-04 11:05:24 -0700


Started GET "/assets/jquery_ujs.self-8e98a7a072a6cee1372d19fff9ff3e6aa1e39a37d89d6f06861637d061113ee7.js?body=1" for ::1 at 2015-06-04 11:05:25 -0700


Started GET "/assets/bootstrap/affix.self-68d1a5161d04ca9fe1b9d9f4114d9426c7798bf90f2703a97aca35c8113469bb.js?body=1" for ::1 at 2015-06-04 11:05:25 -0700


Started GET "/assets/bootstrap/alert.self-15ce09eba576e56db3edfd87accc0ff48823df915169e350b4fd97290f96aee1.js?body=1" for ::1 at 2015-06-04 11:05:25 -0700


Started GET "/assets/bootstrap/button.self-37c62bff1d75f86f3348b8679873d5156d8b9938b62841038dca21690f4740f1.js?body=1" for ::1 at 2015-06-04 11:05:25 -0700


Started GET "/assets/bootstrap-sprockets" for ::1 at 2015-06-04 11:05:25 -0700


Started GET "/assets/bootstrap" for ::1 at 2015-06-04 11:05:25 -0700


Started GET "/assets/bootstrap/carousel.self-9aaab1a477b9c1156bab751cb8da47f77dace6da88eef8ae830e60f3cff3a8be.js?body=1" for ::1 at 2015-06-04 11:05:25 -0700


Started GET "/assets/bootstrap/collapse.self-eeece00cd06a3d7cc071ab7845b549d4991edd0f0895e4be70fe40bac2fb5f4b.js?body=1" for ::1 at 2015-06-04 11:05:25 -0700


Started GET "/assets/bootstrap/dropdown.self-a3998e7ca949c04cb86b5c635deb0abcc7a24dc02e81be66b8acfef02d811e45.js?body=1" for ::1 at 2015-06-04 11:05:25 -0700


Started GET "/assets/bootstrap/tab.self-e1bba7115c90301056ee94c4716de2fcbe4498015def2dab9ff9879f339bd245.js?body=1" for ::1 at 2015-06-04 11:05:25 -0700


Started GET "/assets/bootstrap/transition.self-7742dca5e6acf313fbb217811b48468282cddf1a9baea5c89ec92e367ef242cb.js?body=1" for ::1 at 2015-06-04 11:05:25 -0700


Started GET "/assets/bootstrap/scrollspy.self-5ea180afe4404f83fc97d997833f2edefd34475b0b5ddab310e27abc2bbd5f2f.js?body=1" for ::1 at 2015-06-04 11:05:25 -0700


Started GET "/assets/bootstrap/modal.self-f2759e138605770e60526c00c6d86cbb3378da203641f9d6b204c9f0192b9267.js?body=1" for ::1 at 2015-06-04 11:05:25 -0700


Started GET "/assets/bootstrap/tooltip.self-c3b5c16f394ab9c0391db4431aac4f2d2ddf1bba4c5d3228ed343de05ecc8e83.js?body=1" for ::1 at 2015-06-04 11:05:25 -0700


Started GET "/assets/bootstrap/popover.self-2674d99c3ab0415dba0b958a80b3840f70ff6368b155d890306c0291be49453b.js?body=1" for ::1 at 2015-06-04 11:05:25 -0700


Started GET "/assets/bootstrap-sprockets.self-fbfa5ad7d9aa0afe439ec4ff3883acc4cb92b62cb67c40d674320c9aa1d4642d.js?body=1" for ::1 at 2015-06-04 11:05:25 -0700


Started GET "/assets/turbolinks.self-c37727e9bd6b2735da5c311aa83fead54ed0be6cc8bd9a65309e9c5abe2cbfff.js?body=1" for ::1 at 2015-06-04 11:05:25 -0700


Started GET "/assets/bootstrap.self-fbfa5ad7d9aa0afe439ec4ff3883acc4cb92b62cb67c40d674320c9aa1d4642d.js?body=1" for ::1 at 2015-06-04 11:05:25 -0700


Started GET "/assets/activity_finder.self-877aef30ae1b040ab8a3aba4e3e309a11d7f2612f44dde450b5c157aa5f95c05.js?body=1" for ::1 at 2015-06-04 11:05:25 -0700


Started GET "/assets/application.self-b870f4765c2fcbf8cabec8478e3e32aa02ac855d9f609c451d170b187ee785a3.js?body=1" for ::1 at 2015-06-04 11:05:25 -0700


Started GET "/assets/half_dome-280fd1cea12a048da7d4b845d1e208182eade2cedc84d5684ebe8f62260dedd8.jpg" for ::1 at 2015-06-04 11:05:25 -0700
  [1m[36m (1.0ms)[0m  [1mCREATE TABLE "schema_migrations" ("version" varchar NOT NULL) [0m
  [1m[35m (0.1ms)[0m  select sqlite_version(*)
  [1m[36m (0.8ms)[0m  [1mCREATE UNIQUE INDEX "unique_schema_migrations" ON "schema_migrations" ("version")[0m
  [1m[35mActiveRecord::SchemaMigration Load (0.0ms)[0m  SELECT "schema_migrations".* FROM "schema_migrations"
Migrating to CreateUsers (20150604181614)
  [1m[36m (0.1ms)[0m  [1mbegin transaction[0m
  [1m[35m (0.3ms)[0m  CREATE TABLE "users" ("id" INTEGER PRIMARY KEY AUTOINCREMENT NOT NULL, "name" varchar, "email" varchar, "created_at" datetime NOT NULL, "updated_at" datetime NOT NULL) 
  [1m[36mSQL (0.1ms)[0m  [1mINSERT INTO "schema_migrations" ("version") VALUES (?)[0m  [["version", "20150604181614"]]
  [1m[35m (0.7ms)[0m  commit transaction
  [1m[36mActiveRecord::SchemaMigration Load (0.0ms)[0m  [1mSELECT "schema_migrations".* FROM "schema_migrations"[0m


Started GET "/" for ::1 at 2015-06-04 11:27:54 -0700
  [1m[36mActiveRecord::SchemaMigration Load (0.1ms)[0m  [1mSELECT "schema_migrations".* FROM "schema_migrations"[0m
Processing by WelcomeController#index as HTML
  Rendered layouts/_body.html.erb (1.0ms)
  Rendered layouts/_footer.html.erb (0.0ms)
  Rendered welcome/index.html.erb within layouts/application (1.8ms)
Completed 200 OK in 202ms (Views: 201.1ms | ActiveRecord: 0.0ms)


Started GET "/assets/activity_finder.self-e3b0c44298fc1c149afbf4c8996fb92427ae41e4649b934ca495991b7852b855.css?body=1" for ::1 at 2015-06-04 11:27:54 -0700


Started GET "/assets/bootstrap-generators.self-f9a39c763f843f10d64a1e875f5780646a03819f040c618b42efe600b80f0ddc.css?body=1" for ::1 at 2015-06-04 11:27:54 -0700


Started GET "/assets/bootstrap-variables.self-e3b0c44298fc1c149afbf4c8996fb92427ae41e4649b934ca495991b7852b855.css?body=1" for ::1 at 2015-06-04 11:27:54 -0700


Started GET "/assets/jquery.self-d03a5518f45df77341bdbe6201ba3bfa547ebba8ed64f0ea56bfa5f96ea7c074.js?body=1" for ::1 at 2015-06-04 11:27:54 -0700


Started GET "/assets/custom.self-ec93b9599518ec95d65369904ccb90047975c0f9b1ad9d8146f3e2e78f428baf.css?body=1" for ::1 at 2015-06-04 11:27:54 -0700


Started GET "/assets/application.self-1f5d96935afb86a3446083be08a21c9f82dcb9dcc73989e80870a7668c218e55.css?body=1" for ::1 at 2015-06-04 11:27:54 -0700


Started GET "/assets/jquery_ujs.self-8e98a7a072a6cee1372d19fff9ff3e6aa1e39a37d89d6f06861637d061113ee7.js?body=1" for ::1 at 2015-06-04 11:27:54 -0700


Started GET "/assets/bootstrap/affix.self-68d1a5161d04ca9fe1b9d9f4114d9426c7798bf90f2703a97aca35c8113469bb.js?body=1" for ::1 at 2015-06-04 11:27:54 -0700


Started GET "/assets/bootstrap/alert.self-15ce09eba576e56db3edfd87accc0ff48823df915169e350b4fd97290f96aee1.js?body=1" for ::1 at 2015-06-04 11:27:54 -0700


Started GET "/assets/bootstrap/button.self-37c62bff1d75f86f3348b8679873d5156d8b9938b62841038dca21690f4740f1.js?body=1" for ::1 at 2015-06-04 11:27:54 -0700


Started GET "/assets/bootstrap/carousel.self-9aaab1a477b9c1156bab751cb8da47f77dace6da88eef8ae830e60f3cff3a8be.js?body=1" for ::1 at 2015-06-04 11:27:54 -0700


Started GET "/assets/bootstrap/collapse.self-eeece00cd06a3d7cc071ab7845b549d4991edd0f0895e4be70fe40bac2fb5f4b.js?body=1" for ::1 at 2015-06-04 11:27:54 -0700


Started GET "/assets/bootstrap-sprockets" for ::1 at 2015-06-04 11:27:54 -0700


Started GET "/assets/bootstrap" for ::1 at 2015-06-04 11:27:54 -0700


Started GET "/assets/bootstrap/dropdown.self-a3998e7ca949c04cb86b5c635deb0abcc7a24dc02e81be66b8acfef02d811e45.js?body=1" for ::1 at 2015-06-04 11:27:54 -0700


Started GET "/assets/bootstrap/tab.self-e1bba7115c90301056ee94c4716de2fcbe4498015def2dab9ff9879f339bd245.js?body=1" for ::1 at 2015-06-04 11:27:54 -0700


Started GET "/assets/bootstrap/transition.self-7742dca5e6acf313fbb217811b48468282cddf1a9baea5c89ec92e367ef242cb.js?body=1" for ::1 at 2015-06-04 11:27:54 -0700


Started GET "/assets/bootstrap/scrollspy.self-5ea180afe4404f83fc97d997833f2edefd34475b0b5ddab310e27abc2bbd5f2f.js?body=1" for ::1 at 2015-06-04 11:27:54 -0700


Started GET "/assets/bootstrap/modal.self-f2759e138605770e60526c00c6d86cbb3378da203641f9d6b204c9f0192b9267.js?body=1" for ::1 at 2015-06-04 11:27:54 -0700


Started GET "/assets/bootstrap/tooltip.self-c3b5c16f394ab9c0391db4431aac4f2d2ddf1bba4c5d3228ed343de05ecc8e83.js?body=1" for ::1 at 2015-06-04 11:27:54 -0700


Started GET "/assets/bootstrap/popover.self-2674d99c3ab0415dba0b958a80b3840f70ff6368b155d890306c0291be49453b.js?body=1" for ::1 at 2015-06-04 11:27:54 -0700


Started GET "/assets/bootstrap-sprockets.self-fbfa5ad7d9aa0afe439ec4ff3883acc4cb92b62cb67c40d674320c9aa1d4642d.js?body=1" for ::1 at 2015-06-04 11:27:54 -0700


Started GET "/assets/turbolinks.self-c37727e9bd6b2735da5c311aa83fead54ed0be6cc8bd9a65309e9c5abe2cbfff.js?body=1" for ::1 at 2015-06-04 11:27:54 -0700


Started GET "/assets/bootstrap.self-fbfa5ad7d9aa0afe439ec4ff3883acc4cb92b62cb67c40d674320c9aa1d4642d.js?body=1" for ::1 at 2015-06-04 11:27:54 -0700


Started GET "/assets/activity_finder.self-877aef30ae1b040ab8a3aba4e3e309a11d7f2612f44dde450b5c157aa5f95c05.js?body=1" for ::1 at 2015-06-04 11:27:54 -0700


Started GET "/assets/users.self-877aef30ae1b040ab8a3aba4e3e309a11d7f2612f44dde450b5c157aa5f95c05.js?body=1" for ::1 at 2015-06-04 11:27:54 -0700


Started GET "/assets/application.self-b870f4765c2fcbf8cabec8478e3e32aa02ac855d9f609c451d170b187ee785a3.js?body=1" for ::1 at 2015-06-04 11:27:54 -0700


Started GET "/assets/half_dome-280fd1cea12a048da7d4b845d1e208182eade2cedc84d5684ebe8f62260dedd8.jpg" for ::1 at 2015-06-04 11:27:54 -0700


Started GET "/" for ::1 at 2015-06-04 11:28:05 -0700
Processing by WelcomeController#index as HTML
  Rendered layouts/_body.html.erb (1.5ms)
  Rendered layouts/_footer.html.erb (0.0ms)
  Rendered welcome/index.html.erb within layouts/application (2.7ms)
Completed 200 OK in 99ms (Views: 98.8ms | ActiveRecord: 0.0ms)


Started GET "/assets/bootstrap-sprockets" for ::1 at 2015-06-04 11:28:05 -0700


Started GET "/assets/bootstrap" for ::1 at 2015-06-04 11:28:05 -0700


Started GET "/" for ::1 at 2015-06-04 11:28:08 -0700
Processing by WelcomeController#index as HTML
  Rendered layouts/_body.html.erb (1.4ms)
  Rendered layouts/_footer.html.erb (0.0ms)
  Rendered welcome/index.html.erb within layouts/application (2.1ms)
Completed 200 OK in 95ms (Views: 95.0ms | ActiveRecord: 0.0ms)


Started GET "/assets/bootstrap-generators.self-f9a39c763f843f10d64a1e875f5780646a03819f040c618b42efe600b80f0ddc.css?body=1" for ::1 at 2015-06-04 11:28:09 -0700


Started GET "/assets/activity_finder.self-e3b0c44298fc1c149afbf4c8996fb92427ae41e4649b934ca495991b7852b855.css?body=1" for ::1 at 2015-06-04 11:28:09 -0700


Started GET "/assets/bootstrap-variables.self-e3b0c44298fc1c149afbf4c8996fb92427ae41e4649b934ca495991b7852b855.css?body=1" for ::1 at 2015-06-04 11:28:09 -0700


Started GET "/assets/custom.self-ec93b9599518ec95d65369904ccb90047975c0f9b1ad9d8146f3e2e78f428baf.css?body=1" for ::1 at 2015-06-04 11:28:09 -0700


Started GET "/assets/jquery.self-d03a5518f45df77341bdbe6201ba3bfa547ebba8ed64f0ea56bfa5f96ea7c074.js?body=1" for ::1 at 2015-06-04 11:28:09 -0700


Started GET "/assets/application.self-1f5d96935afb86a3446083be08a21c9f82dcb9dcc73989e80870a7668c218e55.css?body=1" for ::1 at 2015-06-04 11:28:09 -0700


Started GET "/assets/jquery_ujs.self-8e98a7a072a6cee1372d19fff9ff3e6aa1e39a37d89d6f06861637d061113ee7.js?body=1" for ::1 at 2015-06-04 11:28:09 -0700


Started GET "/assets/bootstrap/affix.self-68d1a5161d04ca9fe1b9d9f4114d9426c7798bf90f2703a97aca35c8113469bb.js?body=1" for ::1 at 2015-06-04 11:28:09 -0700


Started GET "/assets/bootstrap/button.self-37c62bff1d75f86f3348b8679873d5156d8b9938b62841038dca21690f4740f1.js?body=1" for ::1 at 2015-06-04 11:28:09 -0700


Started GET "/assets/bootstrap/alert.self-15ce09eba576e56db3edfd87accc0ff48823df915169e350b4fd97290f96aee1.js?body=1" for ::1 at 2015-06-04 11:28:09 -0700


Started GET "/assets/bootstrap/carousel.self-9aaab1a477b9c1156bab751cb8da47f77dace6da88eef8ae830e60f3cff3a8be.js?body=1" for ::1 at 2015-06-04 11:28:09 -0700


Started GET "/assets/bootstrap/collapse.self-eeece00cd06a3d7cc071ab7845b549d4991edd0f0895e4be70fe40bac2fb5f4b.js?body=1" for ::1 at 2015-06-04 11:28:09 -0700


Started GET "/assets/bootstrap" for ::1 at 2015-06-04 11:28:09 -0700


Started GET "/assets/bootstrap-sprockets" for ::1 at 2015-06-04 11:28:09 -0700


Started GET "/assets/bootstrap/dropdown.self-a3998e7ca949c04cb86b5c635deb0abcc7a24dc02e81be66b8acfef02d811e45.js?body=1" for ::1 at 2015-06-04 11:28:09 -0700


Started GET "/assets/bootstrap/tab.self-e1bba7115c90301056ee94c4716de2fcbe4498015def2dab9ff9879f339bd245.js?body=1" for ::1 at 2015-06-04 11:28:09 -0700


Started GET "/assets/bootstrap/transition.self-7742dca5e6acf313fbb217811b48468282cddf1a9baea5c89ec92e367ef242cb.js?body=1" for ::1 at 2015-06-04 11:28:09 -0700


Started GET "/assets/bootstrap/scrollspy.self-5ea180afe4404f83fc97d997833f2edefd34475b0b5ddab310e27abc2bbd5f2f.js?body=1" for ::1 at 2015-06-04 11:28:09 -0700


Started GET "/assets/bootstrap/modal.self-f2759e138605770e60526c00c6d86cbb3378da203641f9d6b204c9f0192b9267.js?body=1" for ::1 at 2015-06-04 11:28:09 -0700


Started GET "/assets/bootstrap/tooltip.self-c3b5c16f394ab9c0391db4431aac4f2d2ddf1bba4c5d3228ed343de05ecc8e83.js?body=1" for ::1 at 2015-06-04 11:28:09 -0700


Started GET "/assets/bootstrap/popover.self-2674d99c3ab0415dba0b958a80b3840f70ff6368b155d890306c0291be49453b.js?body=1" for ::1 at 2015-06-04 11:28:09 -0700


Started GET "/assets/bootstrap-sprockets.self-fbfa5ad7d9aa0afe439ec4ff3883acc4cb92b62cb67c40d674320c9aa1d4642d.js?body=1" for ::1 at 2015-06-04 11:28:09 -0700


Started GET "/assets/turbolinks.self-c37727e9bd6b2735da5c311aa83fead54ed0be6cc8bd9a65309e9c5abe2cbfff.js?body=1" for ::1 at 2015-06-04 11:28:09 -0700


Started GET "/assets/activity_finder.self-877aef30ae1b040ab8a3aba4e3e309a11d7f2612f44dde450b5c157aa5f95c05.js?body=1" for ::1 at 2015-06-04 11:28:09 -0700


Started GET "/assets/bootstrap.self-fbfa5ad7d9aa0afe439ec4ff3883acc4cb92b62cb67c40d674320c9aa1d4642d.js?body=1" for ::1 at 2015-06-04 11:28:09 -0700


Started GET "/assets/users.self-877aef30ae1b040ab8a3aba4e3e309a11d7f2612f44dde450b5c157aa5f95c05.js?body=1" for ::1 at 2015-06-04 11:28:09 -0700


Started GET "/assets/application.self-b870f4765c2fcbf8cabec8478e3e32aa02ac855d9f609c451d170b187ee785a3.js?body=1" for ::1 at 2015-06-04 11:28:09 -0700


Started GET "/assets/half_dome-280fd1cea12a048da7d4b845d1e208182eade2cedc84d5684ebe8f62260dedd8.jpg" for ::1 at 2015-06-04 11:28:09 -0700
  [1m[36m (0.1ms)[0m  [1mbegin transaction[0m
  [1m[35mSQL (0.4ms)[0m  INSERT INTO "users" ("name", "email", "created_at", "updated_at") VALUES (?, ?, ?, ?)  [["name", "Nadia KG"], ["email", "nadinkg@gmail.com"], ["created_at", "2015-06-04 18:30:02.671997"], ["updated_at", "2015-06-04 18:30:02.671997"]]
  [1m[36m (1.4ms)[0m  [1mcommit transaction[0m
  [1m[35m (0.1ms)[0m  begin transaction
  [1m[36mSQL (0.3ms)[0m  [1mINSERT INTO "users" ("name", "email", "created_at", "updated_at") VALUES (?, ?, ?, ?)[0m  [["name", "Jay"], ["email", "jaycdave@gmail.com"], ["created_at", "2015-06-04 18:33:59.328434"], ["updated_at", "2015-06-04 18:33:59.328434"]]
  [1m[35m (1.6ms)[0m  commit transaction
  [1m[36mUser Load (0.2ms)[0m  [1mSELECT  "users".* FROM "users" WHERE "users"."id" = ? LIMIT 1[0m  [["id", 1]]
  [1m[35mUser Load (0.1ms)[0m  SELECT  "users".* FROM "users" WHERE "users"."id" = ? LIMIT 1  [["id", 2]]
  [1m[36mUser Load (0.1ms)[0m  [1mSELECT "users".* FROM "users"[0m
  [1m[35mUser Load (0.1ms)[0m  SELECT  "users".* FROM "users" WHERE "users"."id" = ? LIMIT 1  [["id", 2]]
  [1m[36mUser Load (0.1ms)[0m  [1mSELECT "users".* FROM "users"[0m
  [1m[35mUser Load (0.1ms)[0m  SELECT  "users".* FROM "users" WHERE "users"."id" = ? LIMIT 1  [["id", 2]]
  [1m[36mUser Load (0.1ms)[0m  [1mSELECT  "users".* FROM "users" WHERE "users"."id" = ? LIMIT 1[0m  [["id", 2]]
  [1m[35mUser Load (0.1ms)[0m  SELECT  "users".* FROM "users" WHERE "users"."id" = ? LIMIT 1  [["id", 2]]
  [1m[36mUser Load (0.1ms)[0m  [1mSELECT  "users".* FROM "users" WHERE "users"."id" = ? LIMIT 1[0m  [["id", 2]]
  [1m[35mUser Load (0.1ms)[0m  SELECT  "users".* FROM "users" WHERE "users"."id" = ? LIMIT 1  [["id", 2]]
  [1m[36mUser Load (0.1ms)[0m  [1mSELECT  "users".* FROM "users" WHERE "users"."id" = ? LIMIT 1[0m  [["id", 2]]
  [1m[35m (0.1ms)[0m  begin transaction
  [1m[36m (0.1ms)[0m  [1mcommit transaction[0m
  [1m[35mUser Load (0.1ms)[0m  SELECT  "users".* FROM "users" WHERE "users"."id" = ? LIMIT 1  [["id", 2]]
  [1m[36mUser Load (0.1ms)[0m  [1mSELECT  "users".* FROM "users" WHERE "users"."id" = ? LIMIT 1[0m  [["id", 2]]
  [1m[35m (0.0ms)[0m  begin transaction
  [1m[36mSQL (0.3ms)[0m  [1mUPDATE "users" SET "name" = ?, "updated_at" = ? WHERE "users"."id" = ?[0m  [["name", "Jay C. Dave"], ["updated_at", "2015-06-04 18:43:46.995090"], ["id", 2]]
  [1m[35m (1.0ms)[0m  commit transaction
  [1m[36mUser Load (0.1ms)[0m  [1mSELECT  "users".* FROM "users" WHERE "users"."id" = ? LIMIT 1[0m  [["id", 2]]


Started GET "/" for ::1 at 2015-06-04 14:06:47 -0700
  [1m[36mActiveRecord::SchemaMigration Load (0.1ms)[0m  [1mSELECT "schema_migrations".* FROM "schema_migrations"[0m
Processing by WelcomeController#index as HTML
  Rendered layouts/_body.html.erb (96.0ms)
  Rendered layouts/_footer.html.erb (0.2ms)
  Rendered welcome/index.html.erb within layouts/application (99.0ms)
Completed 200 OK in 275ms (Views: 269.1ms | ActiveRecord: 0.0ms)


Started GET "/assets/activity_finder.self-e3b0c44298fc1c149afbf4c8996fb92427ae41e4649b934ca495991b7852b855.css?body=1" for ::1 at 2015-06-04 14:06:48 -0700


Started GET "/assets/bootstrap-generators.self-f9a39c763f843f10d64a1e875f5780646a03819f040c618b42efe600b80f0ddc.css?body=1" for ::1 at 2015-06-04 14:06:48 -0700


Started GET "/assets/custom.self-ec93b9599518ec95d65369904ccb90047975c0f9b1ad9d8146f3e2e78f428baf.css?body=1" for ::1 at 2015-06-04 14:06:48 -0700


Started GET "/assets/bootstrap-variables.self-e3b0c44298fc1c149afbf4c8996fb92427ae41e4649b934ca495991b7852b855.css?body=1" for ::1 at 2015-06-04 14:06:48 -0700


Started GET "/assets/application.self-1f5d96935afb86a3446083be08a21c9f82dcb9dcc73989e80870a7668c218e55.css?body=1" for ::1 at 2015-06-04 14:06:48 -0700


Started GET "/assets/jquery.self-d03a5518f45df77341bdbe6201ba3bfa547ebba8ed64f0ea56bfa5f96ea7c074.js?body=1" for ::1 at 2015-06-04 14:06:48 -0700


Started GET "/assets/jquery_ujs.self-8e98a7a072a6cee1372d19fff9ff3e6aa1e39a37d89d6f06861637d061113ee7.js?body=1" for ::1 at 2015-06-04 14:06:48 -0700


Started GET "/assets/bootstrap/affix.self-68d1a5161d04ca9fe1b9d9f4114d9426c7798bf90f2703a97aca35c8113469bb.js?body=1" for ::1 at 2015-06-04 14:06:48 -0700


Started GET "/assets/bootstrap/alert.self-15ce09eba576e56db3edfd87accc0ff48823df915169e350b4fd97290f96aee1.js?body=1" for ::1 at 2015-06-04 14:06:48 -0700


Started GET "/assets/bootstrap/button.self-37c62bff1d75f86f3348b8679873d5156d8b9938b62841038dca21690f4740f1.js?body=1" for ::1 at 2015-06-04 14:06:48 -0700


Started GET "/assets/bootstrap/carousel.self-9aaab1a477b9c1156bab751cb8da47f77dace6da88eef8ae830e60f3cff3a8be.js?body=1" for ::1 at 2015-06-04 14:06:48 -0700


Started GET "/assets/bootstrap-sprockets" for ::1 at 2015-06-04 14:06:48 -0700


Started GET "/assets/bootstrap" for ::1 at 2015-06-04 14:06:48 -0700


Started GET "/assets/bootstrap/collapse.self-eeece00cd06a3d7cc071ab7845b549d4991edd0f0895e4be70fe40bac2fb5f4b.js?body=1" for ::1 at 2015-06-04 14:06:48 -0700


Started GET "/assets/bootstrap/tab.self-e1bba7115c90301056ee94c4716de2fcbe4498015def2dab9ff9879f339bd245.js?body=1" for ::1 at 2015-06-04 14:06:48 -0700


Started GET "/assets/bootstrap/dropdown.self-a3998e7ca949c04cb86b5c635deb0abcc7a24dc02e81be66b8acfef02d811e45.js?body=1" for ::1 at 2015-06-04 14:06:48 -0700


Started GET "/assets/bootstrap/transition.self-7742dca5e6acf313fbb217811b48468282cddf1a9baea5c89ec92e367ef242cb.js?body=1" for ::1 at 2015-06-04 14:06:48 -0700


Started GET "/assets/bootstrap/scrollspy.self-5ea180afe4404f83fc97d997833f2edefd34475b0b5ddab310e27abc2bbd5f2f.js?body=1" for ::1 at 2015-06-04 14:06:48 -0700


Started GET "/assets/bootstrap/modal.self-f2759e138605770e60526c00c6d86cbb3378da203641f9d6b204c9f0192b9267.js?body=1" for ::1 at 2015-06-04 14:06:48 -0700


Started GET "/assets/bootstrap/tooltip.self-c3b5c16f394ab9c0391db4431aac4f2d2ddf1bba4c5d3228ed343de05ecc8e83.js?body=1" for ::1 at 2015-06-04 14:06:48 -0700


Started GET "/assets/bootstrap/popover.self-2674d99c3ab0415dba0b958a80b3840f70ff6368b155d890306c0291be49453b.js?body=1" for ::1 at 2015-06-04 14:06:48 -0700


Started GET "/assets/bootstrap-sprockets.self-fbfa5ad7d9aa0afe439ec4ff3883acc4cb92b62cb67c40d674320c9aa1d4642d.js?body=1" for ::1 at 2015-06-04 14:06:48 -0700


Started GET "/assets/turbolinks.self-c37727e9bd6b2735da5c311aa83fead54ed0be6cc8bd9a65309e9c5abe2cbfff.js?body=1" for ::1 at 2015-06-04 14:06:48 -0700


Started GET "/assets/bootstrap.self-fbfa5ad7d9aa0afe439ec4ff3883acc4cb92b62cb67c40d674320c9aa1d4642d.js?body=1" for ::1 at 2015-06-04 14:06:48 -0700


Started GET "/assets/activity_finder.self-877aef30ae1b040ab8a3aba4e3e309a11d7f2612f44dde450b5c157aa5f95c05.js?body=1" for ::1 at 2015-06-04 14:06:48 -0700


Started GET "/assets/users.self-877aef30ae1b040ab8a3aba4e3e309a11d7f2612f44dde450b5c157aa5f95c05.js?body=1" for ::1 at 2015-06-04 14:06:48 -0700


Started GET "/assets/application.self-b870f4765c2fcbf8cabec8478e3e32aa02ac855d9f609c451d170b187ee785a3.js?body=1" for ::1 at 2015-06-04 14:06:48 -0700


Started GET "/assets/half_dome-280fd1cea12a048da7d4b845d1e208182eade2cedc84d5684ebe8f62260dedd8.jpg" for ::1 at 2015-06-04 14:06:48 -0700


Started GET "/users/1" for ::1 at 2015-06-04 14:20:33 -0700

ActionController::RoutingError (No route matches [GET] "/users/1"):
  actionpack (4.2.0) lib/action_dispatch/middleware/debug_exceptions.rb:21:in `call'
  web-console (2.1.2) lib/web_console/middleware.rb:37:in `call'
  actionpack (4.2.0) lib/action_dispatch/middleware/show_exceptions.rb:30:in `call'
  railties (4.2.0) lib/rails/rack/logger.rb:38:in `call_app'
  railties (4.2.0) lib/rails/rack/logger.rb:20:in `block in call'
  activesupport (4.2.0) lib/active_support/tagged_logging.rb:68:in `block in tagged'
  activesupport (4.2.0) lib/active_support/tagged_logging.rb:26:in `tagged'
  activesupport (4.2.0) lib/active_support/tagged_logging.rb:68:in `tagged'
  railties (4.2.0) lib/rails/rack/logger.rb:20:in `call'
  actionpack (4.2.0) lib/action_dispatch/middleware/request_id.rb:21:in `call'
  rack (1.6.1) lib/rack/methodoverride.rb:22:in `call'
  rack (1.6.1) lib/rack/runtime.rb:18:in `call'
  activesupport (4.2.0) lib/active_support/cache/strategy/local_cache_middleware.rb:28:in `call'
  rack (1.6.1) lib/rack/lock.rb:17:in `call'
  actionpack (4.2.0) lib/action_dispatch/middleware/static.rb:113:in `call'
  rack (1.6.1) lib/rack/sendfile.rb:113:in `call'
  railties (4.2.0) lib/rails/engine.rb:518:in `call'
  railties (4.2.0) lib/rails/application.rb:164:in `call'
  rack (1.6.1) lib/rack/lock.rb:17:in `call'
  rack (1.6.1) lib/rack/content_length.rb:15:in `call'
  rack (1.6.1) lib/rack/handler/webrick.rb:89:in `service'
  /Users/nadia_gori/.rvm/rubies/ruby-2.1.0/lib/ruby/2.1.0/webrick/httpserver.rb:138:in `service'
  /Users/nadia_gori/.rvm/rubies/ruby-2.1.0/lib/ruby/2.1.0/webrick/httpserver.rb:94:in `run'
  /Users/nadia_gori/.rvm/rubies/ruby-2.1.0/lib/ruby/2.1.0/webrick/server.rb:295:in `block in start_thread'


  Rendered /Users/nadia_gori/.rvm/gems/ruby-2.1.0/gems/actionpack-4.2.0/lib/action_dispatch/middleware/templates/rescues/_trace.html.erb (0.8ms)
  Rendered /Users/nadia_gori/.rvm/gems/ruby-2.1.0/gems/actionpack-4.2.0/lib/action_dispatch/middleware/templates/routes/_route.html.erb (0.5ms)
  Rendered /Users/nadia_gori/.rvm/gems/ruby-2.1.0/gems/actionpack-4.2.0/lib/action_dispatch/middleware/templates/routes/_table.html.erb (6.3ms)
  Rendered /Users/nadia_gori/.rvm/gems/ruby-2.1.0/gems/actionpack-4.2.0/lib/action_dispatch/middleware/templates/rescues/_request_and_response.html.erb (0.9ms)
  Rendered /Users/nadia_gori/.rvm/gems/ruby-2.1.0/gems/actionpack-4.2.0/lib/action_dispatch/middleware/templates/rescues/routing_error.html.erb within rescues/layout (22.3ms)
  Rendered /Users/nadia_gori/.rvm/gems/ruby-2.1.0/gems/web-console-2.1.2/lib/web_console/templates/_markup.html.erb (0.5ms)
  Rendered /Users/nadia_gori/.rvm/gems/ruby-2.1.0/gems/web-console-2.1.2/lib/web_console/templates/style.css.erb within layouts/inlined_string (0.3ms)
  Rendered /Users/nadia_gori/.rvm/gems/ruby-2.1.0/gems/web-console-2.1.2/lib/web_console/templates/_inner_console_markup.html.erb within layouts/inlined_string (0.3ms)
  Rendered /Users/nadia_gori/.rvm/gems/ruby-2.1.0/gems/web-console-2.1.2/lib/web_console/templates/_prompt_box_markup.html.erb within layouts/inlined_string (0.3ms)
  Rendered /Users/nadia_gori/.rvm/gems/ruby-2.1.0/gems/web-console-2.1.2/lib/web_console/templates/console.js.erb within layouts/javascript (11.8ms)
  Rendered /Users/nadia_gori/.rvm/gems/ruby-2.1.0/gems/web-console-2.1.2/lib/web_console/templates/main.js.erb within layouts/javascript (0.3ms)
  Rendered /Users/nadia_gori/.rvm/gems/ruby-2.1.0/gems/web-console-2.1.2/lib/web_console/templates/error_page.js.erb within layouts/javascript (0.4ms)
  Rendered /Users/nadia_gori/.rvm/gems/ruby-2.1.0/gems/web-console-2.1.2/lib/web_console/templates/index.html.erb (25.3ms)


Started GET "/users/1" for ::1 at 2015-06-04 14:21:12 -0700

ActionController::RoutingError (No route matches [GET] "/users/1"):
  actionpack (4.2.0) lib/action_dispatch/middleware/debug_exceptions.rb:21:in `call'
  web-console (2.1.2) lib/web_console/middleware.rb:37:in `call'
  actionpack (4.2.0) lib/action_dispatch/middleware/show_exceptions.rb:30:in `call'
  railties (4.2.0) lib/rails/rack/logger.rb:38:in `call_app'
  railties (4.2.0) lib/rails/rack/logger.rb:20:in `block in call'
  activesupport (4.2.0) lib/active_support/tagged_logging.rb:68:in `block in tagged'
  activesupport (4.2.0) lib/active_support/tagged_logging.rb:26:in `tagged'
  activesupport (4.2.0) lib/active_support/tagged_logging.rb:68:in `tagged'
  railties (4.2.0) lib/rails/rack/logger.rb:20:in `call'
  actionpack (4.2.0) lib/action_dispatch/middleware/request_id.rb:21:in `call'
  rack (1.6.1) lib/rack/methodoverride.rb:22:in `call'
  rack (1.6.1) lib/rack/runtime.rb:18:in `call'
  activesupport (4.2.0) lib/active_support/cache/strategy/local_cache_middleware.rb:28:in `call'
  rack (1.6.1) lib/rack/lock.rb:17:in `call'
  actionpack (4.2.0) lib/action_dispatch/middleware/static.rb:113:in `call'
  rack (1.6.1) lib/rack/sendfile.rb:113:in `call'
  railties (4.2.0) lib/rails/engine.rb:518:in `call'
  railties (4.2.0) lib/rails/application.rb:164:in `call'
  rack (1.6.1) lib/rack/lock.rb:17:in `call'
  rack (1.6.1) lib/rack/content_length.rb:15:in `call'
  rack (1.6.1) lib/rack/handler/webrick.rb:89:in `service'
  /Users/nadia_gori/.rvm/rubies/ruby-2.1.0/lib/ruby/2.1.0/webrick/httpserver.rb:138:in `service'
  /Users/nadia_gori/.rvm/rubies/ruby-2.1.0/lib/ruby/2.1.0/webrick/httpserver.rb:94:in `run'
  /Users/nadia_gori/.rvm/rubies/ruby-2.1.0/lib/ruby/2.1.0/webrick/server.rb:295:in `block in start_thread'


  Rendered /Users/nadia_gori/.rvm/gems/ruby-2.1.0/gems/actionpack-4.2.0/lib/action_dispatch/middleware/templates/rescues/_trace.html.erb (0.7ms)
  Rendered /Users/nadia_gori/.rvm/gems/ruby-2.1.0/gems/actionpack-4.2.0/lib/action_dispatch/middleware/templates/routes/_route.html.erb (0.4ms)
  Rendered /Users/nadia_gori/.rvm/gems/ruby-2.1.0/gems/actionpack-4.2.0/lib/action_dispatch/middleware/templates/routes/_table.html.erb (0.8ms)
  Rendered /Users/nadia_gori/.rvm/gems/ruby-2.1.0/gems/actionpack-4.2.0/lib/action_dispatch/middleware/templates/rescues/_request_and_response.html.erb (0.7ms)
  Rendered /Users/nadia_gori/.rvm/gems/ruby-2.1.0/gems/actionpack-4.2.0/lib/action_dispatch/middleware/templates/rescues/routing_error.html.erb within rescues/layout (13.2ms)
  Rendered /Users/nadia_gori/.rvm/gems/ruby-2.1.0/gems/web-console-2.1.2/lib/web_console/templates/_markup.html.erb (0.2ms)
  Rendered /Users/nadia_gori/.rvm/gems/ruby-2.1.0/gems/web-console-2.1.2/lib/web_console/templates/style.css.erb within layouts/inlined_string (0.1ms)
  Rendered /Users/nadia_gori/.rvm/gems/ruby-2.1.0/gems/web-console-2.1.2/lib/web_console/templates/_inner_console_markup.html.erb within layouts/inlined_string (0.1ms)
  Rendered /Users/nadia_gori/.rvm/gems/ruby-2.1.0/gems/web-console-2.1.2/lib/web_console/templates/_prompt_box_markup.html.erb within layouts/inlined_string (0.2ms)
  Rendered /Users/nadia_gori/.rvm/gems/ruby-2.1.0/gems/web-console-2.1.2/lib/web_console/templates/console.js.erb within layouts/javascript (8.6ms)
  Rendered /Users/nadia_gori/.rvm/gems/ruby-2.1.0/gems/web-console-2.1.2/lib/web_console/templates/main.js.erb within layouts/javascript (0.1ms)
  Rendered /Users/nadia_gori/.rvm/gems/ruby-2.1.0/gems/web-console-2.1.2/lib/web_console/templates/error_page.js.erb within layouts/javascript (0.2ms)
  Rendered /Users/nadia_gori/.rvm/gems/ruby-2.1.0/gems/web-console-2.1.2/lib/web_console/templates/index.html.erb (18.4ms)


Started GET "/users/1" for ::1 at 2015-06-04 14:21:42 -0700
Processing by UsersController#show as HTML
  Parameters: {"id"=>"1"}
Completed 500 Internal Server Error in 3ms

LoadError (cannot load such file -- bcrypt):
  app/models/user.rb:9:in `<class:User>'
  app/models/user.rb:1:in `<top (required)>'
  app/controllers/users_controller.rb:4:in `show'


  Rendered /Users/nadia_gori/.rvm/gems/ruby-2.1.0/gems/actionpack-4.2.0/lib/action_dispatch/middleware/templates/rescues/_source.erb (5.0ms)
  Rendered /Users/nadia_gori/.rvm/gems/ruby-2.1.0/gems/actionpack-4.2.0/lib/action_dispatch/middleware/templates/rescues/_trace.html.erb (1.8ms)
  Rendered /Users/nadia_gori/.rvm/gems/ruby-2.1.0/gems/actionpack-4.2.0/lib/action_dispatch/middleware/templates/rescues/_request_and_response.html.erb (1.2ms)
  Rendered /Users/nadia_gori/.rvm/gems/ruby-2.1.0/gems/actionpack-4.2.0/lib/action_dispatch/middleware/templates/rescues/diagnostics.html.erb within rescues/layout (18.5ms)
  Rendered /Users/nadia_gori/.rvm/gems/ruby-2.1.0/gems/web-console-2.1.2/lib/web_console/templates/_markup.html.erb (0.2ms)
  Rendered /Users/nadia_gori/.rvm/gems/ruby-2.1.0/gems/web-console-2.1.2/lib/web_console/templates/style.css.erb within layouts/inlined_string (0.2ms)
  Rendered /Users/nadia_gori/.rvm/gems/ruby-2.1.0/gems/web-console-2.1.2/lib/web_console/templates/_inner_console_markup.html.erb within layouts/inlined_string (0.2ms)
  Rendered /Users/nadia_gori/.rvm/gems/ruby-2.1.0/gems/web-console-2.1.2/lib/web_console/templates/_prompt_box_markup.html.erb within layouts/inlined_string (0.2ms)
  Rendered /Users/nadia_gori/.rvm/gems/ruby-2.1.0/gems/web-console-2.1.2/lib/web_console/templates/console.js.erb within layouts/javascript (9.4ms)
  Rendered /Users/nadia_gori/.rvm/gems/ruby-2.1.0/gems/web-console-2.1.2/lib/web_console/templates/main.js.erb within layouts/javascript (0.2ms)
  Rendered /Users/nadia_gori/.rvm/gems/ruby-2.1.0/gems/web-console-2.1.2/lib/web_console/templates/error_page.js.erb within layouts/javascript (0.2ms)
  Rendered /Users/nadia_gori/.rvm/gems/ruby-2.1.0/gems/web-console-2.1.2/lib/web_console/templates/index.html.erb (20.4ms)


Started GET "/users/1" for ::1 at 2015-06-04 14:24:23 -0700
  [1m[36mActiveRecord::SchemaMigration Load (0.1ms)[0m  [1mSELECT "schema_migrations".* FROM "schema_migrations"[0m
Processing by UsersController#show as HTML
  Parameters: {"id"=>"1"}
Completed 500 Internal Server Error in 8ms

LoadError (cannot load such file -- bcrypt):
  app/models/user.rb:9:in `<class:User>'
  app/models/user.rb:1:in `<top (required)>'
  app/controllers/users_controller.rb:4:in `show'


  Rendered /Users/nadia_gori/.rvm/gems/ruby-2.1.0/gems/actionpack-4.2.0/lib/action_dispatch/middleware/templates/rescues/_source.erb (3.8ms)
  Rendered /Users/nadia_gori/.rvm/gems/ruby-2.1.0/gems/actionpack-4.2.0/lib/action_dispatch/middleware/templates/rescues/_trace.html.erb (1.6ms)
  Rendered /Users/nadia_gori/.rvm/gems/ruby-2.1.0/gems/actionpack-4.2.0/lib/action_dispatch/middleware/templates/rescues/_request_and_response.html.erb (0.6ms)
  Rendered /Users/nadia_gori/.rvm/gems/ruby-2.1.0/gems/actionpack-4.2.0/lib/action_dispatch/middleware/templates/rescues/diagnostics.html.erb within rescues/layout (16.0ms)
  Rendered /Users/nadia_gori/.rvm/gems/ruby-2.1.0/gems/web-console-2.1.2/lib/web_console/templates/_markup.html.erb (0.2ms)
  Rendered /Users/nadia_gori/.rvm/gems/ruby-2.1.0/gems/web-console-2.1.2/lib/web_console/templates/style.css.erb within layouts/inlined_string (0.2ms)
  Rendered /Users/nadia_gori/.rvm/gems/ruby-2.1.0/gems/web-console-2.1.2/lib/web_console/templates/_inner_console_markup.html.erb within layouts/inlined_string (0.2ms)
  Rendered /Users/nadia_gori/.rvm/gems/ruby-2.1.0/gems/web-console-2.1.2/lib/web_console/templates/_prompt_box_markup.html.erb within layouts/inlined_string (0.2ms)
  Rendered /Users/nadia_gori/.rvm/gems/ruby-2.1.0/gems/web-console-2.1.2/lib/web_console/templates/console.js.erb within layouts/javascript (12.0ms)
  Rendered /Users/nadia_gori/.rvm/gems/ruby-2.1.0/gems/web-console-2.1.2/lib/web_console/templates/main.js.erb within layouts/javascript (0.2ms)
  Rendered /Users/nadia_gori/.rvm/gems/ruby-2.1.0/gems/web-console-2.1.2/lib/web_console/templates/error_page.js.erb within layouts/javascript (0.4ms)
  Rendered /Users/nadia_gori/.rvm/gems/ruby-2.1.0/gems/web-console-2.1.2/lib/web_console/templates/index.html.erb (26.1ms)


Started GET "/users/1" for ::1 at 2015-06-04 14:25:58 -0700
  [1m[36mActiveRecord::SchemaMigration Load (0.1ms)[0m  [1mSELECT "schema_migrations".* FROM "schema_migrations"[0m
Processing by UsersController#show as HTML
  Parameters: {"id"=>"1"}
  [1m[35mUser Load (0.1ms)[0m  SELECT  "users".* FROM "users" WHERE "users"."id" = ? LIMIT 1  [["id", 1]]
Completed 500 Internal Server Error in 20ms

ActionView::MissingTemplate (Missing template users/show, application/show with {:locale=>[:en], :formats=>[:html], :variants=>[], :handlers=>[:erb, :builder, :raw, :ruby, :coffee, :jbuilder]}. Searched in:
  * "/Users/nadia_gori/Desktop/activity-finder/app/views"
):
  actionview (4.2.0) lib/action_view/path_set.rb:46:in `find'
  actionview (4.2.0) lib/action_view/lookup_context.rb:121:in `find'
  actionview (4.2.0) lib/action_view/renderer/abstract_renderer.rb:18:in `find_template'
  actionview (4.2.0) lib/action_view/renderer/template_renderer.rb:40:in `determine_template'
  actionview (4.2.0) lib/action_view/renderer/template_renderer.rb:8:in `render'
  actionview (4.2.0) lib/action_view/renderer/renderer.rb:42:in `render_template'
  actionview (4.2.0) lib/action_view/renderer/renderer.rb:23:in `render'
  actionview (4.2.0) lib/action_view/rendering.rb:100:in `_render_template'
  actionpack (4.2.0) lib/action_controller/metal/streaming.rb:217:in `_render_template'
  actionview (4.2.0) lib/action_view/rendering.rb:83:in `render_to_body'
  actionpack (4.2.0) lib/action_controller/metal/rendering.rb:32:in `render_to_body'
  actionpack (4.2.0) lib/action_controller/metal/renderers.rb:37:in `render_to_body'
  actionpack (4.2.0) lib/abstract_controller/rendering.rb:25:in `render'
  actionpack (4.2.0) lib/action_controller/metal/rendering.rb:16:in `render'
  actionpack (4.2.0) lib/action_controller/metal/instrumentation.rb:41:in `block (2 levels) in render'
  activesupport (4.2.0) lib/active_support/core_ext/benchmark.rb:12:in `block in ms'
  /Users/nadia_gori/.rvm/rubies/ruby-2.1.0/lib/ruby/2.1.0/benchmark.rb:294:in `realtime'
  activesupport (4.2.0) lib/active_support/core_ext/benchmark.rb:12:in `ms'
  actionpack (4.2.0) lib/action_controller/metal/instrumentation.rb:41:in `block in render'
  actionpack (4.2.0) lib/action_controller/metal/instrumentation.rb:84:in `cleanup_view_runtime'
  activerecord (4.2.0) lib/active_record/railties/controller_runtime.rb:25:in `cleanup_view_runtime'
  actionpack (4.2.0) lib/action_controller/metal/instrumentation.rb:40:in `render'
  actionpack (4.2.0) lib/action_controller/metal/implicit_render.rb:10:in `default_render'
  actionpack (4.2.0) lib/action_controller/metal/implicit_render.rb:5:in `send_action'
  actionpack (4.2.0) lib/abstract_controller/base.rb:198:in `process_action'
  actionpack (4.2.0) lib/action_controller/metal/rendering.rb:10:in `process_action'
  actionpack (4.2.0) lib/abstract_controller/callbacks.rb:20:in `block in process_action'
  activesupport (4.2.0) lib/active_support/callbacks.rb:117:in `call'
  activesupport (4.2.0) lib/active_support/callbacks.rb:117:in `call'
  activesupport (4.2.0) lib/active_support/callbacks.rb:234:in `block in halting'
  activesupport (4.2.0) lib/active_support/callbacks.rb:234:in `call'
  activesupport (4.2.0) lib/active_support/callbacks.rb:234:in `block in halting'
  activesupport (4.2.0) lib/active_support/callbacks.rb:169:in `call'
  activesupport (4.2.0) lib/active_support/callbacks.rb:169:in `block in halting'
  activesupport (4.2.0) lib/active_support/callbacks.rb:169:in `call'
  activesupport (4.2.0) lib/active_support/callbacks.rb:169:in `block in halting'
  activesupport (4.2.0) lib/active_support/callbacks.rb:169:in `call'
  activesupport (4.2.0) lib/active_support/callbacks.rb:169:in `block in halting'
  activesupport (4.2.0) lib/active_support/callbacks.rb:92:in `call'
  activesupport (4.2.0) lib/active_support/callbacks.rb:92:in `_run_callbacks'
  activesupport (4.2.0) lib/active_support/callbacks.rb:734:in `_run_process_action_callbacks'
  activesupport (4.2.0) lib/active_support/callbacks.rb:81:in `run_callbacks'
  actionpack (4.2.0) lib/abstract_controller/callbacks.rb:19:in `process_action'
  actionpack (4.2.0) lib/action_controller/metal/rescue.rb:29:in `process_action'
  actionpack (4.2.0) lib/action_controller/metal/instrumentation.rb:31:in `block in process_action'
  activesupport (4.2.0) lib/active_support/notifications.rb:164:in `block in instrument'
  activesupport (4.2.0) lib/active_support/notifications/instrumenter.rb:20:in `instrument'
  activesupport (4.2.0) lib/active_support/notifications.rb:164:in `instrument'
  actionpack (4.2.0) lib/action_controller/metal/instrumentation.rb:30:in `process_action'
  actionpack (4.2.0) lib/action_controller/metal/params_wrapper.rb:250:in `process_action'
  activerecord (4.2.0) lib/active_record/railties/controller_runtime.rb:18:in `process_action'
  actionpack (4.2.0) lib/abstract_controller/base.rb:137:in `process'
  actionview (4.2.0) lib/action_view/rendering.rb:30:in `process'
  actionpack (4.2.0) lib/action_controller/metal.rb:195:in `dispatch'
  actionpack (4.2.0) lib/action_controller/metal/rack_delegation.rb:13:in `dispatch'
  actionpack (4.2.0) lib/action_controller/metal.rb:236:in `block in action'
  actionpack (4.2.0) lib/action_dispatch/routing/route_set.rb:73:in `call'
  actionpack (4.2.0) lib/action_dispatch/routing/route_set.rb:73:in `dispatch'
  actionpack (4.2.0) lib/action_dispatch/routing/route_set.rb:42:in `serve'
  actionpack (4.2.0) lib/action_dispatch/journey/router.rb:43:in `block in serve'
  actionpack (4.2.0) lib/action_dispatch/journey/router.rb:30:in `each'
  actionpack (4.2.0) lib/action_dispatch/journey/router.rb:30:in `serve'
  actionpack (4.2.0) lib/action_dispatch/routing/route_set.rb:802:in `call'
  rack (1.6.1) lib/rack/etag.rb:24:in `call'
  rack (1.6.1) lib/rack/conditionalget.rb:25:in `call'
  rack (1.6.1) lib/rack/head.rb:13:in `call'
  actionpack (4.2.0) lib/action_dispatch/middleware/params_parser.rb:27:in `call'
  actionpack (4.2.0) lib/action_dispatch/middleware/flash.rb:260:in `call'
  rack (1.6.1) lib/rack/session/abstract/id.rb:225:in `context'
  rack (1.6.1) lib/rack/session/abstract/id.rb:220:in `call'
  actionpack (4.2.0) lib/action_dispatch/middleware/cookies.rb:560:in `call'
  activerecord (4.2.0) lib/active_record/query_cache.rb:36:in `call'
  activerecord (4.2.0) lib/active_record/connection_adapters/abstract/connection_pool.rb:647:in `call'
  activerecord (4.2.0) lib/active_record/migration.rb:378:in `call'
  actionpack (4.2.0) lib/action_dispatch/middleware/callbacks.rb:29:in `block in call'
  activesupport (4.2.0) lib/active_support/callbacks.rb:88:in `call'
  activesupport (4.2.0) lib/active_support/callbacks.rb:88:in `_run_callbacks'
  activesupport (4.2.0) lib/active_support/callbacks.rb:734:in `_run_call_callbacks'
  activesupport (4.2.0) lib/active_support/callbacks.rb:81:in `run_callbacks'
  actionpack (4.2.0) lib/action_dispatch/middleware/callbacks.rb:27:in `call'
  actionpack (4.2.0) lib/action_dispatch/middleware/reloader.rb:73:in `call'
  actionpack (4.2.0) lib/action_dispatch/middleware/remote_ip.rb:78:in `call'
  actionpack (4.2.0) lib/action_dispatch/middleware/debug_exceptions.rb:17:in `call'
  web-console (2.1.2) lib/web_console/middleware.rb:37:in `call'
  actionpack (4.2.0) lib/action_dispatch/middleware/show_exceptions.rb:30:in `call'
  railties (4.2.0) lib/rails/rack/logger.rb:38:in `call_app'
  railties (4.2.0) lib/rails/rack/logger.rb:20:in `block in call'
  activesupport (4.2.0) lib/active_support/tagged_logging.rb:68:in `block in tagged'
  activesupport (4.2.0) lib/active_support/tagged_logging.rb:26:in `tagged'
  activesupport (4.2.0) lib/active_support/tagged_logging.rb:68:in `tagged'
  railties (4.2.0) lib/rails/rack/logger.rb:20:in `call'
  actionpack (4.2.0) lib/action_dispatch/middleware/request_id.rb:21:in `call'
  rack (1.6.1) lib/rack/methodoverride.rb:22:in `call'
  rack (1.6.1) lib/rack/runtime.rb:18:in `call'
  activesupport (4.2.0) lib/active_support/cache/strategy/local_cache_middleware.rb:28:in `call'
  rack (1.6.1) lib/rack/lock.rb:17:in `call'
  actionpack (4.2.0) lib/action_dispatch/middleware/static.rb:113:in `call'
  rack (1.6.1) lib/rack/sendfile.rb:113:in `call'
  railties (4.2.0) lib/rails/engine.rb:518:in `call'
  railties (4.2.0) lib/rails/application.rb:164:in `call'
  rack (1.6.1) lib/rack/lock.rb:17:in `call'
  rack (1.6.1) lib/rack/content_length.rb:15:in `call'
  rack (1.6.1) lib/rack/handler/webrick.rb:89:in `service'
  /Users/nadia_gori/.rvm/rubies/ruby-2.1.0/lib/ruby/2.1.0/webrick/httpserver.rb:138:in `service'
  /Users/nadia_gori/.rvm/rubies/ruby-2.1.0/lib/ruby/2.1.0/webrick/httpserver.rb:94:in `run'
  /Users/nadia_gori/.rvm/rubies/ruby-2.1.0/lib/ruby/2.1.0/webrick/server.rb:295:in `block in start_thread'


  Rendered /Users/nadia_gori/.rvm/gems/ruby-2.1.0/gems/actionpack-4.2.0/lib/action_dispatch/middleware/templates/rescues/_source.erb (5.1ms)
  Rendered /Users/nadia_gori/.rvm/gems/ruby-2.1.0/gems/actionpack-4.2.0/lib/action_dispatch/middleware/templates/rescues/_trace.html.erb (1.8ms)
  Rendered /Users/nadia_gori/.rvm/gems/ruby-2.1.0/gems/actionpack-4.2.0/lib/action_dispatch/middleware/templates/rescues/_request_and_response.html.erb (0.6ms)
  Rendered /Users/nadia_gori/.rvm/gems/ruby-2.1.0/gems/actionpack-4.2.0/lib/action_dispatch/middleware/templates/rescues/missing_template.html.erb within rescues/layout (17.9ms)
  Rendered /Users/nadia_gori/.rvm/gems/ruby-2.1.0/gems/web-console-2.1.2/lib/web_console/templates/_markup.html.erb (0.2ms)
  Rendered /Users/nadia_gori/.rvm/gems/ruby-2.1.0/gems/web-console-2.1.2/lib/web_console/templates/style.css.erb within layouts/inlined_string (0.2ms)
  Rendered /Users/nadia_gori/.rvm/gems/ruby-2.1.0/gems/web-console-2.1.2/lib/web_console/templates/_inner_console_markup.html.erb within layouts/inlined_string (0.1ms)
  Rendered /Users/nadia_gori/.rvm/gems/ruby-2.1.0/gems/web-console-2.1.2/lib/web_console/templates/_prompt_box_markup.html.erb within layouts/inlined_string (0.2ms)
  Rendered /Users/nadia_gori/.rvm/gems/ruby-2.1.0/gems/web-console-2.1.2/lib/web_console/templates/console.js.erb within layouts/javascript (8.6ms)
  Rendered /Users/nadia_gori/.rvm/gems/ruby-2.1.0/gems/web-console-2.1.2/lib/web_console/templates/main.js.erb within layouts/javascript (0.2ms)
  Rendered /Users/nadia_gori/.rvm/gems/ruby-2.1.0/gems/web-console-2.1.2/lib/web_console/templates/error_page.js.erb within layouts/javascript (0.2ms)
  Rendered /Users/nadia_gori/.rvm/gems/ruby-2.1.0/gems/web-console-2.1.2/lib/web_console/templates/index.html.erb (19.7ms)
  [1m[36mActiveRecord::SchemaMigration Load (0.1ms)[0m  [1mSELECT "schema_migrations".* FROM "schema_migrations"[0m
Migrating to AddIndexToUsersEmail (20150604224636)
  [1m[35m (0.0ms)[0m  begin transaction
  [1m[36m (0.0ms)[0m  [1mselect sqlite_version(*)[0m
  [1m[35m (0.7ms)[0m  CREATE UNIQUE INDEX "index_users_on_email" ON "users" ("email")
  [1m[36mSQL (0.1ms)[0m  [1mINSERT INTO "schema_migrations" ("version") VALUES (?)[0m  [["version", "20150604224636"]]
  [1m[35m (1.6ms)[0m  commit transaction
  [1m[36mActiveRecord::SchemaMigration Load (0.0ms)[0m  [1mSELECT "schema_migrations".* FROM "schema_migrations"[0m
  [1m[35m (0.1ms)[0m              SELECT sql
            FROM sqlite_master
            WHERE name='index_users_on_email' AND type='index'
            UNION ALL
            SELECT sql
            FROM sqlite_temp_master
            WHERE name='index_users_on_email' AND type='index'

  [1m[36mActiveRecord::SchemaMigration Load (0.1ms)[0m  [1mSELECT "schema_migrations".* FROM "schema_migrations"[0m
Migrating to AddPasswordDigestToUsers (20150604225021)
  [1m[35m (0.0ms)[0m  begin transaction
  [1m[36m (0.3ms)[0m  [1mALTER TABLE "users" ADD "password_digest" varchar[0m
  [1m[35mSQL (0.1ms)[0m  INSERT INTO "schema_migrations" ("version") VALUES (?)  [["version", "20150604225021"]]
  [1m[36m (1.4ms)[0m  [1mcommit transaction[0m
  [1m[35mActiveRecord::SchemaMigration Load (0.1ms)[0m  SELECT "schema_migrations".* FROM "schema_migrations"
  [1m[36m (0.1ms)[0m  [1m            SELECT sql
            FROM sqlite_master
            WHERE name='index_users_on_email' AND type='index'
            UNION ALL
            SELECT sql
            FROM sqlite_temp_master
            WHERE name='index_users_on_email' AND type='index'
[0m
  [1m[36mUser Load (0.1ms)[0m  [1mSELECT  "users".* FROM "users" WHERE "users"."id" = ? LIMIT 1[0m  [["id", 1]]
  [1m[35mUser Load (0.1ms)[0m  SELECT  "users".* FROM "users" WHERE "users"."id" = ? LIMIT 1  [["id", 2]]
  [1m[36mUser Load (0.3ms)[0m  [1mSELECT  "users".* FROM "users" WHERE "users"."email" = ? LIMIT 1[0m  [["email", "nadinkg@gmail.com"]]
  [1m[36m (0.1ms)[0m  [1mbegin transaction[0m
  [1m[35mUser Exists (0.1ms)[0m  SELECT  1 AS one FROM "users" WHERE LOWER("users"."email") = LOWER('jaydave@gmail.com') LIMIT 1
  [1m[36mSQL (0.3ms)[0m  [1mINSERT INTO "users" ("name", "email", "password_digest", "created_at", "updated_at") VALUES (?, ?, ?, ?, ?)[0m  [["name", "Jay Dave"], ["email", "jaydave@gmail.com"], ["password_digest", "$2a$10$gZmLoyu35YE.g/qFoaj03eEFrp4fjUQgLxWC7DcW8g.N.ggVmp.CS"], ["created_at", "2015-06-04 23:06:50.881164"], ["updated_at", "2015-06-04 23:06:50.881164"]]
  [1m[35m (0.7ms)[0m  commit transaction
  [1m[36mUser Load (0.2ms)[0m  [1mSELECT  "users".* FROM "users" WHERE "users"."id" = ? LIMIT 1[0m  [["id", 3]]


Started GET "/users/1" for ::1 at 2015-06-04 16:11:50 -0700
  [1m[36mActiveRecord::SchemaMigration Load (0.1ms)[0m  [1mSELECT "schema_migrations".* FROM "schema_migrations"[0m
Processing by UsersController#show as HTML
  Parameters: {"id"=>"1"}
Completed 500 Internal Server Error in 14ms

ActionView::MissingTemplate (Missing template users/show, application/show with {:locale=>[:en], :formats=>[:html], :variants=>[], :handlers=>[:erb, :builder, :raw, :ruby, :coffee, :jbuilder]}. Searched in:
  * "/Users/nadia_gori/Desktop/activity-finder/app/views"
):
  actionview (4.2.0) lib/action_view/path_set.rb:46:in `find'
  actionview (4.2.0) lib/action_view/lookup_context.rb:121:in `find'
  actionview (4.2.0) lib/action_view/renderer/abstract_renderer.rb:18:in `find_template'
  actionview (4.2.0) lib/action_view/renderer/template_renderer.rb:40:in `determine_template'
  actionview (4.2.0) lib/action_view/renderer/template_renderer.rb:8:in `render'
  actionview (4.2.0) lib/action_view/renderer/renderer.rb:42:in `render_template'
  actionview (4.2.0) lib/action_view/renderer/renderer.rb:23:in `render'
  actionview (4.2.0) lib/action_view/rendering.rb:100:in `_render_template'
  actionpack (4.2.0) lib/action_controller/metal/streaming.rb:217:in `_render_template'
  actionview (4.2.0) lib/action_view/rendering.rb:83:in `render_to_body'
  actionpack (4.2.0) lib/action_controller/metal/rendering.rb:32:in `render_to_body'
  actionpack (4.2.0) lib/action_controller/metal/renderers.rb:37:in `render_to_body'
  actionpack (4.2.0) lib/abstract_controller/rendering.rb:25:in `render'
  actionpack (4.2.0) lib/action_controller/metal/rendering.rb:16:in `render'
  actionpack (4.2.0) lib/action_controller/metal/instrumentation.rb:41:in `block (2 levels) in render'
  activesupport (4.2.0) lib/active_support/core_ext/benchmark.rb:12:in `block in ms'
  /Users/nadia_gori/.rvm/rubies/ruby-2.1.0/lib/ruby/2.1.0/benchmark.rb:294:in `realtime'
  activesupport (4.2.0) lib/active_support/core_ext/benchmark.rb:12:in `ms'
  actionpack (4.2.0) lib/action_controller/metal/instrumentation.rb:41:in `block in render'
  actionpack (4.2.0) lib/action_controller/metal/instrumentation.rb:84:in `cleanup_view_runtime'
  activerecord (4.2.0) lib/active_record/railties/controller_runtime.rb:25:in `cleanup_view_runtime'
  actionpack (4.2.0) lib/action_controller/metal/instrumentation.rb:40:in `render'
  actionpack (4.2.0) lib/action_controller/metal/implicit_render.rb:10:in `default_render'
  actionpack (4.2.0) lib/action_controller/metal/implicit_render.rb:5:in `send_action'
  actionpack (4.2.0) lib/abstract_controller/base.rb:198:in `process_action'
  actionpack (4.2.0) lib/action_controller/metal/rendering.rb:10:in `process_action'
  actionpack (4.2.0) lib/abstract_controller/callbacks.rb:20:in `block in process_action'
  activesupport (4.2.0) lib/active_support/callbacks.rb:117:in `call'
  activesupport (4.2.0) lib/active_support/callbacks.rb:117:in `call'
  activesupport (4.2.0) lib/active_support/callbacks.rb:234:in `block in halting'
  activesupport (4.2.0) lib/active_support/callbacks.rb:234:in `call'
  activesupport (4.2.0) lib/active_support/callbacks.rb:234:in `block in halting'
  activesupport (4.2.0) lib/active_support/callbacks.rb:169:in `call'
  activesupport (4.2.0) lib/active_support/callbacks.rb:169:in `block in halting'
  activesupport (4.2.0) lib/active_support/callbacks.rb:169:in `call'
  activesupport (4.2.0) lib/active_support/callbacks.rb:169:in `block in halting'
  activesupport (4.2.0) lib/active_support/callbacks.rb:169:in `call'
  activesupport (4.2.0) lib/active_support/callbacks.rb:169:in `block in halting'
  activesupport (4.2.0) lib/active_support/callbacks.rb:92:in `call'
  activesupport (4.2.0) lib/active_support/callbacks.rb:92:in `_run_callbacks'
  activesupport (4.2.0) lib/active_support/callbacks.rb:734:in `_run_process_action_callbacks'
  activesupport (4.2.0) lib/active_support/callbacks.rb:81:in `run_callbacks'
  actionpack (4.2.0) lib/abstract_controller/callbacks.rb:19:in `process_action'
  actionpack (4.2.0) lib/action_controller/metal/rescue.rb:29:in `process_action'
  actionpack (4.2.0) lib/action_controller/metal/instrumentation.rb:31:in `block in process_action'
  activesupport (4.2.0) lib/active_support/notifications.rb:164:in `block in instrument'
  activesupport (4.2.0) lib/active_support/notifications/instrumenter.rb:20:in `instrument'
  activesupport (4.2.0) lib/active_support/notifications.rb:164:in `instrument'
  actionpack (4.2.0) lib/action_controller/metal/instrumentation.rb:30:in `process_action'
  actionpack (4.2.0) lib/action_controller/metal/params_wrapper.rb:250:in `process_action'
  activerecord (4.2.0) lib/active_record/railties/controller_runtime.rb:18:in `process_action'
  actionpack (4.2.0) lib/abstract_controller/base.rb:137:in `process'
  actionview (4.2.0) lib/action_view/rendering.rb:30:in `process'
  actionpack (4.2.0) lib/action_controller/metal.rb:195:in `dispatch'
  actionpack (4.2.0) lib/action_controller/metal/rack_delegation.rb:13:in `dispatch'
  actionpack (4.2.0) lib/action_controller/metal.rb:236:in `block in action'
  actionpack (4.2.0) lib/action_dispatch/routing/route_set.rb:73:in `call'
  actionpack (4.2.0) lib/action_dispatch/routing/route_set.rb:73:in `dispatch'
  actionpack (4.2.0) lib/action_dispatch/routing/route_set.rb:42:in `serve'
  actionpack (4.2.0) lib/action_dispatch/journey/router.rb:43:in `block in serve'
  actionpack (4.2.0) lib/action_dispatch/journey/router.rb:30:in `each'
  actionpack (4.2.0) lib/action_dispatch/journey/router.rb:30:in `serve'
  actionpack (4.2.0) lib/action_dispatch/routing/route_set.rb:802:in `call'
  rack (1.6.1) lib/rack/etag.rb:24:in `call'
  rack (1.6.1) lib/rack/conditionalget.rb:25:in `call'
  rack (1.6.1) lib/rack/head.rb:13:in `call'
  actionpack (4.2.0) lib/action_dispatch/middleware/params_parser.rb:27:in `call'
  actionpack (4.2.0) lib/action_dispatch/middleware/flash.rb:260:in `call'
  rack (1.6.1) lib/rack/session/abstract/id.rb:225:in `context'
  rack (1.6.1) lib/rack/session/abstract/id.rb:220:in `call'
  actionpack (4.2.0) lib/action_dispatch/middleware/cookies.rb:560:in `call'
  activerecord (4.2.0) lib/active_record/query_cache.rb:36:in `call'
  activerecord (4.2.0) lib/active_record/connection_adapters/abstract/connection_pool.rb:647:in `call'
  activerecord (4.2.0) lib/active_record/migration.rb:378:in `call'
  actionpack (4.2.0) lib/action_dispatch/middleware/callbacks.rb:29:in `block in call'
  activesupport (4.2.0) lib/active_support/callbacks.rb:88:in `call'
  activesupport (4.2.0) lib/active_support/callbacks.rb:88:in `_run_callbacks'
  activesupport (4.2.0) lib/active_support/callbacks.rb:734:in `_run_call_callbacks'
  activesupport (4.2.0) lib/active_support/callbacks.rb:81:in `run_callbacks'
  actionpack (4.2.0) lib/action_dispatch/middleware/callbacks.rb:27:in `call'
  actionpack (4.2.0) lib/action_dispatch/middleware/reloader.rb:73:in `call'
  actionpack (4.2.0) lib/action_dispatch/middleware/remote_ip.rb:78:in `call'
  actionpack (4.2.0) lib/action_dispatch/middleware/debug_exceptions.rb:17:in `call'
  web-console (2.1.2) lib/web_console/middleware.rb:37:in `call'
  actionpack (4.2.0) lib/action_dispatch/middleware/show_exceptions.rb:30:in `call'
  railties (4.2.0) lib/rails/rack/logger.rb:38:in `call_app'
  railties (4.2.0) lib/rails/rack/logger.rb:20:in `block in call'
  activesupport (4.2.0) lib/active_support/tagged_logging.rb:68:in `block in tagged'
  activesupport (4.2.0) lib/active_support/tagged_logging.rb:26:in `tagged'
  activesupport (4.2.0) lib/active_support/tagged_logging.rb:68:in `tagged'
  railties (4.2.0) lib/rails/rack/logger.rb:20:in `call'
  actionpack (4.2.0) lib/action_dispatch/middleware/request_id.rb:21:in `call'
  rack (1.6.1) lib/rack/methodoverride.rb:22:in `call'
  rack (1.6.1) lib/rack/runtime.rb:18:in `call'
  activesupport (4.2.0) lib/active_support/cache/strategy/local_cache_middleware.rb:28:in `call'
  rack (1.6.1) lib/rack/lock.rb:17:in `call'
  actionpack (4.2.0) lib/action_dispatch/middleware/static.rb:113:in `call'
  rack (1.6.1) lib/rack/sendfile.rb:113:in `call'
  railties (4.2.0) lib/rails/engine.rb:518:in `call'
  railties (4.2.0) lib/rails/application.rb:164:in `call'
  rack (1.6.1) lib/rack/lock.rb:17:in `call'
  rack (1.6.1) lib/rack/content_length.rb:15:in `call'
  rack (1.6.1) lib/rack/handler/webrick.rb:89:in `service'
  /Users/nadia_gori/.rvm/rubies/ruby-2.1.0/lib/ruby/2.1.0/webrick/httpserver.rb:138:in `service'
  /Users/nadia_gori/.rvm/rubies/ruby-2.1.0/lib/ruby/2.1.0/webrick/httpserver.rb:94:in `run'
  /Users/nadia_gori/.rvm/rubies/ruby-2.1.0/lib/ruby/2.1.0/webrick/server.rb:295:in `block in start_thread'


  Rendered /Users/nadia_gori/.rvm/gems/ruby-2.1.0/gems/actionpack-4.2.0/lib/action_dispatch/middleware/templates/rescues/_source.erb (8.7ms)
  Rendered /Users/nadia_gori/.rvm/gems/ruby-2.1.0/gems/actionpack-4.2.0/lib/action_dispatch/middleware/templates/rescues/_trace.html.erb (1.8ms)
  Rendered /Users/nadia_gori/.rvm/gems/ruby-2.1.0/gems/actionpack-4.2.0/lib/action_dispatch/middleware/templates/rescues/_request_and_response.html.erb (0.6ms)
  Rendered /Users/nadia_gori/.rvm/gems/ruby-2.1.0/gems/actionpack-4.2.0/lib/action_dispatch/middleware/templates/rescues/missing_template.html.erb within rescues/layout (19.4ms)
  Rendered /Users/nadia_gori/.rvm/gems/ruby-2.1.0/gems/web-console-2.1.2/lib/web_console/templates/_markup.html.erb (0.2ms)
  Rendered /Users/nadia_gori/.rvm/gems/ruby-2.1.0/gems/web-console-2.1.2/lib/web_console/templates/style.css.erb within layouts/inlined_string (0.2ms)
  Rendered /Users/nadia_gori/.rvm/gems/ruby-2.1.0/gems/web-console-2.1.2/lib/web_console/templates/_inner_console_markup.html.erb within layouts/inlined_string (0.2ms)
  Rendered /Users/nadia_gori/.rvm/gems/ruby-2.1.0/gems/web-console-2.1.2/lib/web_console/templates/_prompt_box_markup.html.erb within layouts/inlined_string (0.2ms)
  Rendered /Users/nadia_gori/.rvm/gems/ruby-2.1.0/gems/web-console-2.1.2/lib/web_console/templates/console.js.erb within layouts/javascript (9.3ms)
  Rendered /Users/nadia_gori/.rvm/gems/ruby-2.1.0/gems/web-console-2.1.2/lib/web_console/templates/main.js.erb within layouts/javascript (0.2ms)
  Rendered /Users/nadia_gori/.rvm/gems/ruby-2.1.0/gems/web-console-2.1.2/lib/web_console/templates/error_page.js.erb within layouts/javascript (0.2ms)
  Rendered /Users/nadia_gori/.rvm/gems/ruby-2.1.0/gems/web-console-2.1.2/lib/web_console/templates/index.html.erb (21.0ms)
